<?xml version="1.0" encoding="UTF-8"?>

<coverage generated="1625427086559" clover="3.2.0">
  <project timestamp="1625427086560" name="All files">

<coverage generated="1625420699298" clover="3.2.0">
  <project timestamp="1625420699299" name="All files">

<coverage generated="1625421219453" clover="3.2.0">
  <project timestamp="1625421219453" name="All files">

<coverage generated="1625317347230" clover="3.2.0">
  <project timestamp="1625317347230" name="All files">
<coverage generated="1625316095701" clover="3.2.0">
  <project timestamp="1625316095701" name="All files">

<coverage generated="1625314645251" clover="3.2.0">
  <project timestamp="1625314645252" name="All files">

<coverage generated="1625068125476" clover="3.2.0">
  <project timestamp="1625068125476" name="All files">


    <metrics statements="0" coveredstatements="0" conditionals="0" coveredconditionals="0" methods="0" coveredmethods="0" elements="0" coveredelements="0" complexity="0" loc="0" ncloc="0" packages="0" files="0" classes="0"/>
  </project>
</coverage>
